                                      1 ;--------------------------------------------------------
                                      2 ; File Created by SDCC : free open source ISO C Compiler 
                                      3 ; Version 4.2.2 #13350 (MINGW64)
                                      4 ;--------------------------------------------------------
                                      5 	.module Player
                                      6 	.optsdcc -msm83
                                      7 	
                                      8 ;--------------------------------------------------------
                                      9 ; Public variables in this module
                                     10 ;--------------------------------------------------------
                                     11 	.globl _Player
                                     12 	.globl _PlayerCGB
                                     13 ;--------------------------------------------------------
                                     14 ; special function registers
                                     15 ;--------------------------------------------------------
                                     16 ;--------------------------------------------------------
                                     17 ; ram data
                                     18 ;--------------------------------------------------------
                                     19 	.area _DATA
                                     20 ;--------------------------------------------------------
                                     21 ; ram data
                                     22 ;--------------------------------------------------------
                                     23 	.area _INITIALIZED
      000000                         24 _PlayerCGB::
      000000                         25 	.ds 1
      000001                         26 _Player::
      000001                         27 	.ds 16
                                     28 ;--------------------------------------------------------
                                     29 ; absolute external ram data
                                     30 ;--------------------------------------------------------
                                     31 	.area _DABS (ABS)
                                     32 ;--------------------------------------------------------
                                     33 ; global & static initialisations
                                     34 ;--------------------------------------------------------
                                     35 	.area _HOME
                                     36 	.area _GSINIT
                                     37 	.area _GSFINAL
                                     38 	.area _GSINIT
                                     39 ;--------------------------------------------------------
                                     40 ; Home
                                     41 ;--------------------------------------------------------
                                     42 	.area _HOME
                                     43 	.area _HOME
                                     44 ;--------------------------------------------------------
                                     45 ; code
                                     46 ;--------------------------------------------------------
                                     47 	.area _CODE
                                     48 	.area _CODE
                                     49 	.area _INITIALIZER
      000000                         50 __xinit__PlayerCGB:
      000000 00                      51 	.db #0x00	; 0
      000001                         52 __xinit__Player:
      000001 7E                      53 	.db #0x7e	; 126
      000002 7E                      54 	.db #0x7e	; 126
      000003 87                      55 	.db #0x87	; 135
      000004 F9                      56 	.db #0xf9	; 249
      000005 A7                      57 	.db #0xa7	; 167
      000006 FD                      58 	.db #0xfd	; 253
      000007 81                      59 	.db #0x81	; 129
      000008 FF                      60 	.db #0xff	; 255
      000009 81                      61 	.db #0x81	; 129
      00000A FF                      62 	.db #0xff	; 255
      00000B BD                      63 	.db #0xbd	; 189
      00000C FF                      64 	.db #0xff	; 255
      00000D 81                      65 	.db #0x81	; 129
      00000E FF                      66 	.db #0xff	; 255
      00000F 7E                      67 	.db #0x7e	; 126
      000010 7E                      68 	.db #0x7e	; 126
                                     69 	.area _CABS (ABS)
